<?xml version="1.0" encoding="UTF-8"?>
<testng-results ignored="0" total="1" passed="1" failed="0" skipped="0">
  <reporter-output>
    <line>
      <![CDATA[Application : REFERENCE-APP]]>
    </line>
    <line>
      <![CDATA[Deployed MicroService URL : http://eureka-server.cloud.pcftest.com/]]>
    </line>
    <line>
      <![CDATA[Test Result: ]]>
    </line>
    <line>
      <![CDATA[Expected Result : Status = UP]]>
    </line>
    <line>
      <![CDATA[Actual Result : Status = UP]]>
    </line>
    <line>
      <![CDATA[Result: Passed]]>
    </line>
  </reporter-output>
  <suite started-at="2022-03-09T18:22:26 IST" name="Default suite" finished-at="2022-03-09T18:23:26 IST" duration-ms="59849">
    <groups>
    </groups>
    <test started-at="2022-03-09T18:22:26 IST" name="Default test" finished-at="2022-03-09T18:23:26 IST" duration-ms="59849">
      <class name="test.firstPageTest">
        <test-method is-config="true" signature="setup()[pri:0, instance:test.firstPageTest@6ca8564a]" started-at="2022-03-09T18:22:26 IST" name="setup" finished-at="2022-03-09T18:23:25 IST" duration-ms="59382" status="PASS">
          <reporter-output>
          </reporter-output>
        </test-method> <!-- setup -->
        <test-method signature="firstPageTest()[pri:0, instance:test.firstPageTest@6ca8564a]" started-at="2022-03-09T18:23:25 IST" name="firstPageTest" finished-at="2022-03-09T18:23:26 IST" duration-ms="336" status="PASS">
          <reporter-output>
            <line>
              <![CDATA[Application : REFERENCE-APP]]>
            </line>
            <line>
              <![CDATA[Deployed MicroService URL : http://eureka-server.cloud.pcftest.com/]]>
            </line>
            <line>
              <![CDATA[Test Result: ]]>
            </line>
            <line>
              <![CDATA[Expected Result : Status = UP]]>
            </line>
            <line>
              <![CDATA[Actual Result : Status = UP]]>
            </line>
            <line>
              <![CDATA[Result: Passed]]>
            </line>
          </reporter-output>
        </test-method> <!-- firstPageTest -->
      </class> <!-- test.firstPageTest -->
    </test> <!-- Default test -->
  </suite> <!-- Default suite -->
</testng-results>
